java -ea -Xmx53543m -Xms53543m -cp /cluster/software/BBMap/38.79-GCC-8.3.0/current/ jgi.Dedupe in=/cluster/work/users/sethmusker/malinae_353/hybpiper_rgbv_results_deduped/04_processed_gene_directories/TargetVet_results_deduped_97_blastn_length50/assemblies_collated/Crataegus-aronia_Cr197LE_all_contigs.fasta out=/cluster/work/users/sethmusker/malinae_353/hybpiper_rgbv_results_deduped/04_processed_gene_directories/TargetVet_results_deduped_97_blastn_length50/assemblies_collated/Crataegus-aronia_Cr197LE_all_contigs_deduped_97.fasta threads=1 minidentity=97
Executing jgi.Dedupe [in=/cluster/work/users/sethmusker/malinae_353/hybpiper_rgbv_results_deduped/04_processed_gene_directories/TargetVet_results_deduped_97_blastn_length50/assemblies_collated/Crataegus-aronia_Cr197LE_all_contigs.fasta, out=/cluster/work/users/sethmusker/malinae_353/hybpiper_rgbv_results_deduped/04_processed_gene_directories/TargetVet_results_deduped_97_blastn_length50/assemblies_collated/Crataegus-aronia_Cr197LE_all_contigs_deduped_97.fasta, threads=1, minidentity=97]
Version 38.79

Set threads to 1
Initial:
Memory: max=56153m, total=56153m, free=56136m, used=17m

Found 0 duplicates.
Finished exact matches.    Time: 0.530 seconds.
Memory: max=56153m, total=56153m, free=56002m, used=151m

Found 1 contained sequences.
Finished containment.      Time: 0.058 seconds.
Memory: max=56153m, total=56153m, free=55985m, used=168m

Removed 1 invalid entries.
Finished invalid removal.  Time: 0.061 seconds.
Memory: max=56153m, total=56153m, free=55985m, used=168m

Input:                  	70 reads 		83337 bases.
Duplicates:             	0 reads (0.00%) 	0 bases (0.00%)     	0 collisions.
Containments:           	1 reads (1.43%) 	403 bases (0.48%)    	9 collisions.
Result:                 	69 reads (98.57%) 	82934 bases (99.52%)

Printed output.            Time: 0.035 seconds.
Memory: max=56153m, total=56153m, free=55985m, used=168m

Time:                         	0.814 seconds.
Reads Processed:          70 	0.09k reads/sec
Bases Processed:       83337 	0.10m bases/sec
