java -ea -Xmx53543m -Xms53543m -cp /cluster/software/BBMap/38.79-GCC-8.3.0/current/ jgi.Dedupe in=/cluster/work/users/sethmusker/malinae_353/hybpiper_rgbv_results_deduped/04_processed_gene_directories/TargetVet_results_deduped_97_blastn_length50/assemblies_collated/Crataegus-brachyacantha_Cr186TAD_all_contigs.fasta out=/cluster/work/users/sethmusker/malinae_353/hybpiper_rgbv_results_deduped/04_processed_gene_directories/TargetVet_results_deduped_97_blastn_length50/assemblies_collated/Crataegus-brachyacantha_Cr186TAD_all_contigs_deduped_97.fasta threads=1 minidentity=97
Executing jgi.Dedupe [in=/cluster/work/users/sethmusker/malinae_353/hybpiper_rgbv_results_deduped/04_processed_gene_directories/TargetVet_results_deduped_97_blastn_length50/assemblies_collated/Crataegus-brachyacantha_Cr186TAD_all_contigs.fasta, out=/cluster/work/users/sethmusker/malinae_353/hybpiper_rgbv_results_deduped/04_processed_gene_directories/TargetVet_results_deduped_97_blastn_length50/assemblies_collated/Crataegus-brachyacantha_Cr186TAD_all_contigs_deduped_97.fasta, threads=1, minidentity=97]
Version 38.79

Set threads to 1
Initial:
Memory: max=56153m, total=56153m, free=56136m, used=17m

Found 1 duplicates.
Finished exact matches.    Time: 0.163 seconds.
Memory: max=56153m, total=56153m, free=56002m, used=151m

Found 0 contained sequences.
Finished containment.      Time: 0.157 seconds.
Memory: max=56153m, total=56153m, free=55985m, used=168m

Removed 0 invalid entries.
Finished invalid removal.  Time: 0.009 seconds.
Memory: max=56153m, total=56153m, free=55985m, used=168m

Input:                  	87 reads 		115072 bases.
Duplicates:             	1 reads (1.15%) 	128 bases (0.11%)     	0 collisions.
Containments:           	0 reads (0.00%) 	0 bases (0.00%)    	85 collisions.
Result:                 	86 reads (98.85%) 	114944 bases (99.89%)

Printed output.            Time: 0.035 seconds.
Memory: max=56153m, total=56153m, free=55985m, used=168m

Time:                         	0.480 seconds.
Reads Processed:          87 	0.18k reads/sec
Bases Processed:        115k 	0.24m bases/sec
