java -ea -Xmx53541m -Xms53541m -cp /cluster/software/BBMap/38.79-GCC-8.3.0/current/ jgi.Dedupe in=/cluster/work/users/sethmusker/malinae_353/hybpiper_rgbv_results_deduped/04_processed_gene_directories/TargetVet_results_deduped_97_blastn_length50/assemblies_collated/Crataegus-triflora_Cr184TAD_all_contigs.fasta out=/cluster/work/users/sethmusker/malinae_353/hybpiper_rgbv_results_deduped/04_processed_gene_directories/TargetVet_results_deduped_97_blastn_length50/assemblies_collated/Crataegus-triflora_Cr184TAD_all_contigs_deduped_97.fasta threads=1 minidentity=97
Executing jgi.Dedupe [in=/cluster/work/users/sethmusker/malinae_353/hybpiper_rgbv_results_deduped/04_processed_gene_directories/TargetVet_results_deduped_97_blastn_length50/assemblies_collated/Crataegus-triflora_Cr184TAD_all_contigs.fasta, out=/cluster/work/users/sethmusker/malinae_353/hybpiper_rgbv_results_deduped/04_processed_gene_directories/TargetVet_results_deduped_97_blastn_length50/assemblies_collated/Crataegus-triflora_Cr184TAD_all_contigs_deduped_97.fasta, threads=1, minidentity=97]
Version 38.79

Set threads to 1
Initial:
Memory: max=56153m, total=56153m, free=56136m, used=17m

Found 0 duplicates.
Finished exact matches.    Time: 0.150 seconds.
Memory: max=56153m, total=56153m, free=56002m, used=151m

Found 7 contained sequences.
Finished containment.      Time: 0.156 seconds.
Memory: max=56153m, total=56153m, free=55985m, used=168m

Removed 7 invalid entries.
Finished invalid removal.  Time: 0.010 seconds.
Memory: max=56153m, total=56153m, free=55985m, used=168m

Input:                  	109 reads 		110897 bases.
Duplicates:             	0 reads (0.00%) 	0 bases (0.00%)     	0 collisions.
Containments:           	7 reads (6.42%) 	1276 bases (1.15%)    	206 collisions.
Result:                 	102 reads (93.58%) 	109621 bases (98.85%)

Printed output.            Time: 0.025 seconds.
Memory: max=56153m, total=56153m, free=55985m, used=168m

Time:                         	0.448 seconds.
Reads Processed:         109 	0.24k reads/sec
Bases Processed:        110k 	0.25m bases/sec
