java -ea -Xmx53554m -Xms53554m -cp /cluster/software/BBMap/38.79-GCC-8.3.0/current/ jgi.Dedupe in=/cluster/work/users/sethmusker/malinae_353/hybpiper_rgbv_results_deduped/04_processed_gene_directories/TargetVet_results_deduped_97_blastn_length50/assemblies_collated/Crataegus-dahurica_Cr204Bab_all_contigs.fasta out=/cluster/work/users/sethmusker/malinae_353/hybpiper_rgbv_results_deduped/04_processed_gene_directories/TargetVet_results_deduped_97_blastn_length50/assemblies_collated/Crataegus-dahurica_Cr204Bab_all_contigs_deduped_97.fasta threads=1 minidentity=97
Executing jgi.Dedupe [in=/cluster/work/users/sethmusker/malinae_353/hybpiper_rgbv_results_deduped/04_processed_gene_directories/TargetVet_results_deduped_97_blastn_length50/assemblies_collated/Crataegus-dahurica_Cr204Bab_all_contigs.fasta, out=/cluster/work/users/sethmusker/malinae_353/hybpiper_rgbv_results_deduped/04_processed_gene_directories/TargetVet_results_deduped_97_blastn_length50/assemblies_collated/Crataegus-dahurica_Cr204Bab_all_contigs_deduped_97.fasta, threads=1, minidentity=97]
Version 38.79

Set threads to 1
Initial:
Memory: max=56170m, total=56170m, free=56153m, used=17m

Found 0 duplicates.
Finished exact matches.    Time: 0.149 seconds.
Memory: max=56170m, total=56170m, free=56019m, used=151m

Found 4 contained sequences.
Finished containment.      Time: 0.152 seconds.
Memory: max=56170m, total=56170m, free=56002m, used=168m

Removed 4 invalid entries.
Finished invalid removal.  Time: 0.010 seconds.
Memory: max=56170m, total=56170m, free=56002m, used=168m

Input:                  	89 reads 		98181 bases.
Duplicates:             	0 reads (0.00%) 	0 bases (0.00%)     	0 collisions.
Containments:           	4 reads (4.49%) 	1229 bases (1.25%)    	63 collisions.
Result:                 	85 reads (95.51%) 	96952 bases (98.75%)

Printed output.            Time: 0.028 seconds.
Memory: max=56170m, total=56170m, free=56002m, used=168m

Time:                         	0.450 seconds.
Reads Processed:          89 	0.20k reads/sec
Bases Processed:       98181 	0.22m bases/sec
