java -ea -Xmx53539m -Xms53539m -cp /cluster/software/BBMap/38.79-GCC-8.3.0/current/ jgi.Dedupe in=/cluster/work/users/sethmusker/malinae_353/hybpiper_rgbv_results_deduped/04_processed_gene_directories/TargetVet_results_deduped_97_blastn_length50/assemblies_collated/Crataegus-calpodendron_Cr183TAD_all_contigs.fasta out=/cluster/work/users/sethmusker/malinae_353/hybpiper_rgbv_results_deduped/04_processed_gene_directories/TargetVet_results_deduped_97_blastn_length50/assemblies_collated/Crataegus-calpodendron_Cr183TAD_all_contigs_deduped_97.fasta threads=1 minidentity=97
Executing jgi.Dedupe [in=/cluster/work/users/sethmusker/malinae_353/hybpiper_rgbv_results_deduped/04_processed_gene_directories/TargetVet_results_deduped_97_blastn_length50/assemblies_collated/Crataegus-calpodendron_Cr183TAD_all_contigs.fasta, out=/cluster/work/users/sethmusker/malinae_353/hybpiper_rgbv_results_deduped/04_processed_gene_directories/TargetVet_results_deduped_97_blastn_length50/assemblies_collated/Crataegus-calpodendron_Cr183TAD_all_contigs_deduped_97.fasta, threads=1, minidentity=97]
Version 38.79

Set threads to 1
Initial:
Memory: max=56153m, total=56153m, free=56136m, used=17m

Found 0 duplicates.
Finished exact matches.    Time: 0.154 seconds.
Memory: max=56153m, total=56153m, free=56002m, used=151m

Found 1 contained sequences.
Finished containment.      Time: 0.158 seconds.
Memory: max=56153m, total=56153m, free=55985m, used=168m

Removed 1 invalid entries.
Finished invalid removal.  Time: 0.012 seconds.
Memory: max=56153m, total=56153m, free=55985m, used=168m

Input:                  	80 reads 		103701 bases.
Duplicates:             	0 reads (0.00%) 	0 bases (0.00%)     	0 collisions.
Containments:           	1 reads (1.25%) 	298 bases (0.29%)    	40 collisions.
Result:                 	79 reads (98.75%) 	103403 bases (99.71%)

Printed output.            Time: 0.029 seconds.
Memory: max=56153m, total=56153m, free=55985m, used=168m

Time:                         	0.459 seconds.
Reads Processed:          80 	0.17k reads/sec
Bases Processed:        103k 	0.23m bases/sec
