java -ea -Xmx53542m -Xms53542m -cp /cluster/software/BBMap/38.79-GCC-8.3.0/current/ jgi.Dedupe in=/cluster/work/users/sethmusker/malinae_353/hybpiper_rgbv_results_deduped/04_processed_gene_directories/TargetVet_results_deduped_97_blastn_length50/assemblies_collated/Crataegus-pentagyna_Cr195RU_all_contigs.fasta out=/cluster/work/users/sethmusker/malinae_353/hybpiper_rgbv_results_deduped/04_processed_gene_directories/TargetVet_results_deduped_97_blastn_length50/assemblies_collated/Crataegus-pentagyna_Cr195RU_all_contigs_deduped_97.fasta threads=1 minidentity=97
Executing jgi.Dedupe [in=/cluster/work/users/sethmusker/malinae_353/hybpiper_rgbv_results_deduped/04_processed_gene_directories/TargetVet_results_deduped_97_blastn_length50/assemblies_collated/Crataegus-pentagyna_Cr195RU_all_contigs.fasta, out=/cluster/work/users/sethmusker/malinae_353/hybpiper_rgbv_results_deduped/04_processed_gene_directories/TargetVet_results_deduped_97_blastn_length50/assemblies_collated/Crataegus-pentagyna_Cr195RU_all_contigs_deduped_97.fasta, threads=1, minidentity=97]
Version 38.79

Set threads to 1
Initial:
Memory: max=56153m, total=56153m, free=56136m, used=17m

Found 0 duplicates.
Finished exact matches.    Time: 0.151 seconds.
Memory: max=56153m, total=56153m, free=56002m, used=151m

Found 2 contained sequences.
Finished containment.      Time: 0.156 seconds.
Memory: max=56153m, total=56153m, free=55985m, used=168m

Removed 2 invalid entries.
Finished invalid removal.  Time: 0.012 seconds.
Memory: max=56153m, total=56153m, free=55985m, used=168m

Input:                  	89 reads 		110607 bases.
Duplicates:             	0 reads (0.00%) 	0 bases (0.00%)     	0 collisions.
Containments:           	2 reads (2.25%) 	676 bases (0.61%)    	79 collisions.
Result:                 	87 reads (97.75%) 	109931 bases (99.39%)

Printed output.            Time: 0.031 seconds.
Memory: max=56153m, total=56153m, free=55985m, used=168m

Time:                         	0.480 seconds.
Reads Processed:          89 	0.19k reads/sec
Bases Processed:        110k 	0.23m bases/sec
