java -ea -Xmx53556m -Xms53556m -cp /cluster/software/BBMap/38.79-GCC-8.3.0/current/ jgi.Dedupe in=/cluster/work/users/sethmusker/malinae_353/hybpiper_rgbv_results_deduped/04_processed_gene_directories/TargetVet_results_deduped_97_blastn_length50/assemblies_collated/Malus-sylvestris_Mlu226BIN_all_contigs.fasta out=/cluster/work/users/sethmusker/malinae_353/hybpiper_rgbv_results_deduped/04_processed_gene_directories/TargetVet_results_deduped_97_blastn_length50/assemblies_collated/Malus-sylvestris_Mlu226BIN_all_contigs_deduped_97.fasta threads=1 minidentity=97
Executing jgi.Dedupe [in=/cluster/work/users/sethmusker/malinae_353/hybpiper_rgbv_results_deduped/04_processed_gene_directories/TargetVet_results_deduped_97_blastn_length50/assemblies_collated/Malus-sylvestris_Mlu226BIN_all_contigs.fasta, out=/cluster/work/users/sethmusker/malinae_353/hybpiper_rgbv_results_deduped/04_processed_gene_directories/TargetVet_results_deduped_97_blastn_length50/assemblies_collated/Malus-sylvestris_Mlu226BIN_all_contigs_deduped_97.fasta, threads=1, minidentity=97]
Version 38.79

Set threads to 1
Initial:
Memory: max=56170m, total=56170m, free=56153m, used=17m

Found 0 duplicates.
Finished exact matches.    Time: 0.148 seconds.
Memory: max=56170m, total=56170m, free=56019m, used=151m

Found 8 contained sequences.
Finished containment.      Time: 0.053 seconds.
Memory: max=56170m, total=56170m, free=56010m, used=160m

Removed 8 invalid entries.
Finished invalid removal.  Time: 0.056 seconds.
Memory: max=56170m, total=56170m, free=56002m, used=168m

Input:                  	90 reads 		97243 bases.
Duplicates:             	0 reads (0.00%) 	0 bases (0.00%)     	0 collisions.
Containments:           	8 reads (8.89%) 	3194 bases (3.28%)    	55 collisions.
Result:                 	82 reads (91.11%) 	94049 bases (96.72%)

Printed output.            Time: 0.052 seconds.
Memory: max=56170m, total=56170m, free=56002m, used=168m

Time:                         	0.421 seconds.
Reads Processed:          90 	0.21k reads/sec
Bases Processed:       97243 	0.23m bases/sec
