java -ea -Xmx53540m -Xms53540m -cp /cluster/software/BBMap/38.79-GCC-8.3.0/current/ jgi.Dedupe in=/cluster/work/users/sethmusker/malinae_353/hybpiper_rgbv_results_deduped/04_processed_gene_directories/TargetVet_results_deduped_97_blastn_length50/assemblies_collated/Micromeles-alnifolia_Micr214RU_all_contigs.fasta out=/cluster/work/users/sethmusker/malinae_353/hybpiper_rgbv_results_deduped/04_processed_gene_directories/TargetVet_results_deduped_97_blastn_length50/assemblies_collated/Micromeles-alnifolia_Micr214RU_all_contigs_deduped_97.fasta threads=1 minidentity=97
Executing jgi.Dedupe [in=/cluster/work/users/sethmusker/malinae_353/hybpiper_rgbv_results_deduped/04_processed_gene_directories/TargetVet_results_deduped_97_blastn_length50/assemblies_collated/Micromeles-alnifolia_Micr214RU_all_contigs.fasta, out=/cluster/work/users/sethmusker/malinae_353/hybpiper_rgbv_results_deduped/04_processed_gene_directories/TargetVet_results_deduped_97_blastn_length50/assemblies_collated/Micromeles-alnifolia_Micr214RU_all_contigs_deduped_97.fasta, threads=1, minidentity=97]
Version 38.79

Set threads to 1
Initial:
Memory: max=56153m, total=56153m, free=56136m, used=17m

Found 0 duplicates.
Finished exact matches.    Time: 0.155 seconds.
Memory: max=56153m, total=56153m, free=56002m, used=151m

Found 3 contained sequences.
Finished containment.      Time: 0.055 seconds.
Memory: max=56153m, total=56153m, free=55985m, used=168m

Removed 3 invalid entries.
Finished invalid removal.  Time: 0.071 seconds.
Memory: max=56153m, total=56153m, free=55985m, used=168m

Input:                  	88 reads 		107353 bases.
Duplicates:             	0 reads (0.00%) 	0 bases (0.00%)     	0 collisions.
Containments:           	3 reads (3.41%) 	1855 bases (1.73%)    	69 collisions.
Result:                 	85 reads (96.59%) 	105498 bases (98.27%)

Printed output.            Time: 0.026 seconds.
Memory: max=56153m, total=56153m, free=55985m, used=168m

Time:                         	0.412 seconds.
Reads Processed:          88 	0.21k reads/sec
Bases Processed:        107k 	0.26m bases/sec
