java -ea -Xmx53552m -Xms53552m -cp /cluster/software/BBMap/38.79-GCC-8.3.0/current/ jgi.Dedupe in=/cluster/work/users/sethmusker/malinae_353/hybpiper_rgbv_results_deduped/04_processed_gene_directories/TargetVet_results_deduped_97_blastn_length50/assemblies_collated/Pourthiaea-villosa_Pour210RU_all_contigs.fasta out=/cluster/work/users/sethmusker/malinae_353/hybpiper_rgbv_results_deduped/04_processed_gene_directories/TargetVet_results_deduped_97_blastn_length50/assemblies_collated/Pourthiaea-villosa_Pour210RU_all_contigs_deduped_97.fasta threads=1 minidentity=97
Executing jgi.Dedupe [in=/cluster/work/users/sethmusker/malinae_353/hybpiper_rgbv_results_deduped/04_processed_gene_directories/TargetVet_results_deduped_97_blastn_length50/assemblies_collated/Pourthiaea-villosa_Pour210RU_all_contigs.fasta, out=/cluster/work/users/sethmusker/malinae_353/hybpiper_rgbv_results_deduped/04_processed_gene_directories/TargetVet_results_deduped_97_blastn_length50/assemblies_collated/Pourthiaea-villosa_Pour210RU_all_contigs_deduped_97.fasta, threads=1, minidentity=97]
Version 38.79

Set threads to 1
Initial:
Memory: max=56153m, total=56153m, free=56136m, used=17m

Found 0 duplicates.
Finished exact matches.    Time: 0.153 seconds.
Memory: max=56153m, total=56153m, free=56002m, used=151m

Found 11 contained sequences.
Finished containment.      Time: 0.161 seconds.
Memory: max=56153m, total=56153m, free=55985m, used=168m

Removed 11 invalid entries.
Finished invalid removal.  Time: 0.009 seconds.
Memory: max=56153m, total=56153m, free=55985m, used=168m

Input:                  	120 reads 		117522 bases.
Duplicates:             	0 reads (0.00%) 	0 bases (0.00%)     	0 collisions.
Containments:           	11 reads (9.17%) 	4469 bases (3.80%)    	133 collisions.
Result:                 	109 reads (90.83%) 	113053 bases (96.20%)

Printed output.            Time: 0.028 seconds.
Memory: max=56153m, total=56153m, free=55985m, used=168m

Time:                         	0.457 seconds.
Reads Processed:         120 	0.26k reads/sec
Bases Processed:        117k 	0.26m bases/sec
