java -ea -Xmx53549m -Xms53549m -cp /cluster/software/BBMap/38.79-GCC-8.3.0/current/ jgi.Dedupe in=/cluster/work/users/sethmusker/malinae_353/hybpiper_rgbv_results_deduped/04_processed_gene_directories/TargetVet_results_deduped_97_blastn_length50/assemblies_collated/Prunus-tenella_Pru285BGUK_all_contigs.fasta out=/cluster/work/users/sethmusker/malinae_353/hybpiper_rgbv_results_deduped/04_processed_gene_directories/TargetVet_results_deduped_97_blastn_length50/assemblies_collated/Prunus-tenella_Pru285BGUK_all_contigs_deduped_97.fasta threads=1 minidentity=97
Executing jgi.Dedupe [in=/cluster/work/users/sethmusker/malinae_353/hybpiper_rgbv_results_deduped/04_processed_gene_directories/TargetVet_results_deduped_97_blastn_length50/assemblies_collated/Prunus-tenella_Pru285BGUK_all_contigs.fasta, out=/cluster/work/users/sethmusker/malinae_353/hybpiper_rgbv_results_deduped/04_processed_gene_directories/TargetVet_results_deduped_97_blastn_length50/assemblies_collated/Prunus-tenella_Pru285BGUK_all_contigs_deduped_97.fasta, threads=1, minidentity=97]
Version 38.79

Set threads to 1
Initial:
Memory: max=56153m, total=56153m, free=56136m, used=17m

Found 5 duplicates.
Finished exact matches.    Time: 0.137 seconds.
Memory: max=56153m, total=56153m, free=56002m, used=151m

Found 0 contained sequences.
Finished containment.      Time: 0.136 seconds.
Memory: max=56153m, total=56153m, free=55993m, used=160m

Removed 0 invalid entries.
Finished invalid removal.  Time: 0.008 seconds.
Memory: max=56153m, total=56153m, free=55993m, used=160m

Input:                  	53 reads 		64192 bases.
Duplicates:             	5 reads (9.43%) 	390 bases (0.61%)     	0 collisions.
Containments:           	0 reads (0.00%) 	0 bases (0.00%)    	38 collisions.
Result:                 	48 reads (90.57%) 	63802 bases (99.39%)

Printed output.            Time: 0.020 seconds.
Memory: max=56153m, total=56153m, free=55985m, used=168m

Time:                         	0.400 seconds.
Reads Processed:          53 	0.13k reads/sec
Bases Processed:       64192 	0.16m bases/sec
