java -ea -Xmx53555m -Xms53555m -cp /cluster/software/BBMap/38.79-GCC-8.3.0/current/ jgi.Dedupe in=/cluster/work/users/sethmusker/malinae_353/hybpiper_rgbv_results_deduped/04_processed_gene_directories/TargetVet_results_deduped_97_blastn_length50/assemblies_collated/Pyracantha-coccinea_Pyrn229Dut_all_contigs.fasta out=/cluster/work/users/sethmusker/malinae_353/hybpiper_rgbv_results_deduped/04_processed_gene_directories/TargetVet_results_deduped_97_blastn_length50/assemblies_collated/Pyracantha-coccinea_Pyrn229Dut_all_contigs_deduped_97.fasta threads=1 minidentity=97
Executing jgi.Dedupe [in=/cluster/work/users/sethmusker/malinae_353/hybpiper_rgbv_results_deduped/04_processed_gene_directories/TargetVet_results_deduped_97_blastn_length50/assemblies_collated/Pyracantha-coccinea_Pyrn229Dut_all_contigs.fasta, out=/cluster/work/users/sethmusker/malinae_353/hybpiper_rgbv_results_deduped/04_processed_gene_directories/TargetVet_results_deduped_97_blastn_length50/assemblies_collated/Pyracantha-coccinea_Pyrn229Dut_all_contigs_deduped_97.fasta, threads=1, minidentity=97]
Version 38.79

Set threads to 1
Initial:
Memory: max=56170m, total=56170m, free=56153m, used=17m

Found 0 duplicates.
Finished exact matches.    Time: 0.127 seconds.
Memory: max=56170m, total=56170m, free=56019m, used=151m

Found 0 contained sequences.
Finished containment.      Time: 0.051 seconds.
Memory: max=56170m, total=56170m, free=56002m, used=168m

Removed 0 invalid entries.
Finished invalid removal.  Time: 0.053 seconds.
Memory: max=56170m, total=56170m, free=56002m, used=168m

Input:                  	61 reads 		88763 bases.
Duplicates:             	0 reads (0.00%) 	0 bases (0.00%)     	0 collisions.
Containments:           	0 reads (0.00%) 	0 bases (0.00%)    	13 collisions.
Result:                 	61 reads (100.00%) 	88763 bases (100.00%)

Printed output.            Time: 0.026 seconds.
Memory: max=56170m, total=56170m, free=56002m, used=168m

Time:                         	0.361 seconds.
Reads Processed:          61 	0.17k reads/sec
Bases Processed:       88763 	0.25m bases/sec
